<?xml version="1.0" encoding="UTF-8"?>
<!-- Generated by org.testng.reporters.JUnitReportReporter -->
<testsuite hostname="DESKTOP-TRF2919" failures="0" tests="1" name="flipTestCases.LoginPageTest" time="20.574" errors="0" timestamp="2020-04-17T11:13:40 IST" skipped="0">
  <testcase classname="flipTestCases.LoginPageTest" name="loginPageTitleTest" time="20.574"/>
  <system-out/>
</testsuite> <!-- flipTestCases.LoginPageTest -->
