<?xml version="1.0" encoding="UTF-8"?>
<!-- Generated by org.testng.reporters.JUnitReportReporter -->
<testsuite hostname="DESKTOP-TRF2919" failures="0" tests="1" name="flipTestCases.MenPageTest" time="32.079" errors="0" timestamp="2020-04-06T17:42:07 IST" skipped="0">
  <testcase classname="flipTestCases.MenPageTest" name="shoeLabelTest" time="32.079"/>
  <system-out/>
</testsuite> <!-- flipTestCases.MenPageTest -->
