<?xml version="1.0" encoding="UTF-8"?>
<!-- Generated by org.testng.reporters.JUnitReportReporter -->
<testsuite hostname="DESKTOP-TRF2919" failures="0" tests="1" name="flipTestCases.ElectronicsPageTest" time="34.667" errors="0" timestamp="2020-04-06T17:42:07 IST" skipped="0">
  <testcase classname="flipTestCases.ElectronicsPageTest" name="validateSamsungLabelTest" time="34.667"/>
  <system-out/>
</testsuite> <!-- flipTestCases.ElectronicsPageTest -->
