<?xml version="1.0" encoding="UTF-8"?>
<!-- Generated by org.testng.reporters.JUnitReportReporter -->
<testsuite hostname="DESKTOP-TRF2919" failures="0" tests="1" name="flipTestCases.MenPageTest" time="24.527" errors="0" timestamp="2020-07-26T03:08:28 IST" skipped="0">
  <testcase classname="flipTestCases.MenPageTest" name="shoeLabelTest" time="24.527"/>
  <system-out/>
</testsuite> <!-- flipTestCases.MenPageTest -->
