<?xml version="1.0" encoding="UTF-8"?>
<!-- Generated by org.testng.reporters.JUnitReportReporter -->
<testsuite hostname="DESKTOP-TRF2919" failures="0" tests="4" name="flipTestCases.HomePageTest" time="85.674" errors="0" timestamp="2020-07-26T03:08:28 IST" skipped="0">
  <testcase classname="flipTestCases.HomePageTest" name="homePageTest" time="24.194"/>
  <system-out/>
  <testcase classname="flipTestCases.HomePageTest" name="verifyFlipTest" time="21.153"/>
  <system-out/>
  <testcase classname="flipTestCases.HomePageTest" name="electronicsPageTest" time="20.619"/>
  <system-out/>
  <testcase classname="flipTestCases.HomePageTest" name="mensPageTest" time="19.708"/>
  <system-out/>
</testsuite> <!-- flipTestCases.HomePageTest -->
