<?xml version="1.0" encoding="UTF-8"?>
<!-- Generated by org.testng.reporters.JUnitReportReporter -->
<testsuite hostname="DESKTOP-TRF2919" failures="0" tests="2" name="flipTestCases.LoginPageTest" time="44.801" errors="0" timestamp="2020-07-26T03:08:28 IST" skipped="0">
  <testcase classname="flipTestCases.LoginPageTest" name="loginPageTitleTest" time="26.304"/>
  <system-out/>
  <testcase classname="flipTestCases.LoginPageTest" name="loginTest" time="18.497"/>
  <system-out/>
</testsuite> <!-- flipTestCases.LoginPageTest -->
